The system is: Windows - 10.0.19042 - AMD64
Compiling the C compiler identification source file "CMakeCCompilerId.c" succeeded.
Compiler: C:/msys64/usr/bin/gcc.exe 
Build flags: 
Id flags:  

The output was:
0


Compilation of the C compiler identification source "CMakeCCompilerId.c" produced "a.exe"

The C compiler identification is GNU, found in "d:/github/girdsandboxes/build/CMakeFiles/3.12.2/CompilerIdC/a.exe"

Compiling the CXX compiler identification source file "CMakeCXXCompilerId.cpp" succeeded.
Compiler: C:/msys64/usr/bin/g++.exe 
Build flags: 
Id flags:  

The output was:
0


Compilation of the CXX compiler identification source "CMakeCXXCompilerId.cpp" produced "a.exe"

The CXX compiler identification is GNU, found in "d:/github/girdsandboxes/build/CMakeFiles/3.12.2/CompilerIdCXX/a.exe"

Determining if the C compiler works passed with the following output:
Change Dir: d:/github/girdsandboxes/build/CMakeFiles/CMakeTmp

Run Build Command:"C:/msys64/usr/bin/make.exe" "cmTC_89f75/fast"
/usr/bin/make -f CMakeFiles/cmTC_89f75.dir/build.make CMakeFiles/cmTC_89f75.dir/build
make[1]: Entering directory '/d/github/girdsandboxes/build/CMakeFiles/CMakeTmp'
Building C object CMakeFiles/cmTC_89f75.dir/testCCompiler.c.obj
cd D:/github/girdsandboxes/build/CMakeFiles/CMakeTmp && C:/msys64/usr/bin/gcc.exe    -o CMakeFiles/cmTC_89f75.dir/testCCompiler.c.obj   -c D:/github/girdsandboxes/build/CMakeFiles/CMakeTmp/testCCompiler.c
Linking C executable cmTC_89f75.exe
cd D:/github/girdsandboxes/build/CMakeFiles/CMakeTmp && "C:/Program Files/CMake/bin/cmake.exe" -E remove -f CMakeFiles/cmTC_89f75.dir/objects.a
cd D:/github/girdsandboxes/build/CMakeFiles/CMakeTmp && C:/msys64/usr/bin/ar.exe cr CMakeFiles/cmTC_89f75.dir/objects.a @CMakeFiles/cmTC_89f75.dir/objects1.rsp
cd D:/github/girdsandboxes/build/CMakeFiles/CMakeTmp && C:/msys64/usr/bin/gcc.exe      -Wl,--whole-archive CMakeFiles/cmTC_89f75.dir/objects.a -Wl,--no-whole-archive  -o cmTC_89f75.exe -Wl,--out-implib,libcmTC_89f75.dll.a -Wl,--major-image-version,0,--minor-image-version,0 
make[1]: Leaving directory '/d/github/girdsandboxes/build/CMakeFiles/CMakeTmp'


Detecting C compiler ABI info compiled with the following output:
Change Dir: d:/github/girdsandboxes/build/CMakeFiles/CMakeTmp

Run Build Command:"C:/msys64/usr/bin/make.exe" "cmTC_a2af9/fast"
/usr/bin/make -f CMakeFiles/cmTC_a2af9.dir/build.make CMakeFiles/cmTC_a2af9.dir/build
make[1]: Entering directory '/d/github/girdsandboxes/build/CMakeFiles/CMakeTmp'
Building C object CMakeFiles/cmTC_a2af9.dir/CMakeCCompilerABI.c.obj
cd D:/github/girdsandboxes/build/CMakeFiles/CMakeTmp && C:/msys64/usr/bin/gcc.exe    -o CMakeFiles/cmTC_a2af9.dir/CMakeCCompilerABI.c.obj   -c "C:/Program Files/CMake/share/cmake-3.12/Modules/CMakeCCompilerABI.c"
Linking C executable cmTC_a2af9.exe
cd D:/github/girdsandboxes/build/CMakeFiles/CMakeTmp && "C:/Program Files/CMake/bin/cmake.exe" -E remove -f CMakeFiles/cmTC_a2af9.dir/objects.a
cd D:/github/girdsandboxes/build/CMakeFiles/CMakeTmp && C:/msys64/usr/bin/ar.exe cr CMakeFiles/cmTC_a2af9.dir/objects.a @CMakeFiles/cmTC_a2af9.dir/objects1.rsp
cd D:/github/girdsandboxes/build/CMakeFiles/CMakeTmp && C:/msys64/usr/bin/gcc.exe     -v -Wl,--whole-archive CMakeFiles/cmTC_a2af9.dir/objects.a -Wl,--no-whole-archive  -o cmTC_a2af9.exe -Wl,--out-implib,libcmTC_a2af9.dll.a -Wl,--major-image-version,0,--minor-image-version,0 
Using built-in specs.
COLLECT_GCC=C:/msys64/usr/bin/gcc
COLLECT_LTO_WRAPPER=/usr/lib/gcc/x86_64-pc-msys/11.3.0/lto-wrapper.exe
Target: x86_64-pc-msys
Configured with: /c/S/gcc/src/gcc-11.3.0/configure --build=x86_64-pc-msys --prefix=/usr --libexecdir=/usr/lib --enable-bootstrap --enable-shared --enable-shared-libgcc --enable-static --enable-version-specific-runtime-libs --with-arch=x86-64 --with-tune=generic --disable-multilib --enable-__cxa_atexit --with-dwarf2 --enable-languages=c,c++,fortran,lto --enable-graphite --enable-threads=posix --enable-libatomic --enable-libgomp --disable-libitm --enable-libquadmath --enable-libquadmath-support --disable-libssp --disable-win32-registry --disable-symvers --with-gnu-ld --with-gnu-as --disable-isl-version-check --enable-checking=release --without-libiconv-prefix --without-libintl-prefix --with-system-zlib --enable-linker-build-id --with-default-libstdcxx-abi=gcc4-compatible --enable-libstdcxx-filesystem-ts
Thread model: posix
Supported LTO compression algorithms: zlib
gcc version 11.3.0 (GCC) 
COMPILER_PATH=/usr/lib/gcc/x86_64-pc-msys/11.3.0/:/usr/lib/gcc/x86_64-pc-msys/11.3.0/:/usr/lib/gcc/x86_64-pc-msys/:/usr/lib/gcc/x86_64-pc-msys/11.3.0/:/usr/lib/gcc/x86_64-pc-msys/:/usr/lib/gcc/x86_64-pc-msys/11.3.0/../../../../x86_64-pc-msys/bin/
LIBRARY_PATH=/usr/lib/gcc/x86_64-pc-msys/11.3.0/:/usr/lib/gcc/x86_64-pc-msys/11.3.0/../../../../x86_64-pc-msys/lib/../lib/:/usr/lib/gcc/x86_64-pc-msys/11.3.0/../../../../lib/:/usr/lib/../lib/:/usr/lib/gcc/x86_64-pc-msys/11.3.0/../../../../x86_64-pc-msys/lib/:/usr/lib/gcc/x86_64-pc-msys/11.3.0/../../../:/usr/lib/
COLLECT_GCC_OPTIONS='-v' '-o' 'cmTC_a2af9.exe' '-mtune=generic' '-march=x86-64' '-dumpdir' 'cmTC_a2af9.'
 /usr/lib/gcc/x86_64-pc-msys/11.3.0/collect2.exe -plugin /usr/lib/gcc/x86_64-pc-msys/11.3.0/msys-lto_plugin.dll -plugin-opt=/usr/lib/gcc/x86_64-pc-msys/11.3.0/lto-wrapper.exe -plugin-opt=-fresolution=/c/Users/KRAKY/AppData/Local/Temp/cc6ChE6b.res -plugin-opt=-pass-through=-lgcc_s -plugin-opt=-pass-through=-lgcc -plugin-opt=-pass-through=-lmsys-2.0 -plugin-opt=-pass-through=-ladvapi32 -plugin-opt=-pass-through=-lshell32 -plugin-opt=-pass-through=-luser32 -plugin-opt=-pass-through=-lkernel32 -plugin-opt=-pass-through=-lgcc_s -plugin-opt=-pass-through=-lgcc --build-id -m i386pep --wrap _Znwm --wrap _Znam --wrap _ZdlPv --wrap _ZdaPv --wrap _ZnwmRKSt9nothrow_t --wrap _ZnamRKSt9nothrow_t --wrap _ZdlPvRKSt9nothrow_t --wrap _ZdaPvRKSt9nothrow_t -Bdynamic --dll-search-prefix=msys- --tsaware -o cmTC_a2af9.exe /usr/lib/gcc/x86_64-pc-msys/11.3.0/../../../../lib/crt0.o /usr/lib/gcc/x86_64-pc-msys/11.3.0/crtbegin.o -L/usr/lib/gcc/x86_64-pc-msys/11.3.0 -L/usr/lib/gcc/x86_64-pc-msys/11.3.0/../../../../x86_64-pc-msys/lib/../lib -L/usr/lib/gcc/x86_64-pc-msys/11.3.0/../../../../lib -L/usr/lib/../lib -L/usr/lib/gcc/x86_64-pc-msys/11.3.0/../../../../x86_64-pc-msys/lib -L/usr/lib/gcc/x86_64-pc-msys/11.3.0/../../.. --whole-archive CMakeFiles/cmTC_a2af9.dir/objects.a --no-whole-archive --out-implib libcmTC_a2af9.dll.a --major-image-version 0 --minor-image-version 0 -lgcc_s -lgcc -lmsys-2.0 -ladvapi32 -lshell32 -luser32 -lkernel32 -lgcc_s -lgcc /usr/lib/gcc/x86_64-pc-msys/11.3.0/../../../../lib/default-manifest.o /usr/lib/gcc/x86_64-pc-msys/11.3.0/crtend.o
COLLECT_GCC_OPTIONS='-v' '-o' 'cmTC_a2af9.exe' '-mtune=generic' '-march=x86-64' '-dumpdir' 'cmTC_a2af9.'
make[1]: Leaving directory '/d/github/girdsandboxes/build/CMakeFiles/CMakeTmp'


Parsed C implicit link information from above output:
  link line regex: [^( *|.*[/\])(ld\.exe|CMAKE_LINK_STARTFILE-NOTFOUND|([^/\]+-)?ld|collect2)[^/\]*( |$)]
  ignore line: [Change Dir: d:/github/girdsandboxes/build/CMakeFiles/CMakeTmp]
  ignore line: []
  ignore line: [Run Build Command:"C:/msys64/usr/bin/make.exe" "cmTC_a2af9/fast"]
  ignore line: [/usr/bin/make -f CMakeFiles/cmTC_a2af9.dir/build.make CMakeFiles/cmTC_a2af9.dir/build]
  ignore line: [make[1]: Entering directory '/d/github/girdsandboxes/build/CMakeFiles/CMakeTmp']
  ignore line: [Building C object CMakeFiles/cmTC_a2af9.dir/CMakeCCompilerABI.c.obj]
  ignore line: [cd D:/github/girdsandboxes/build/CMakeFiles/CMakeTmp && C:/msys64/usr/bin/gcc.exe    -o CMakeFiles/cmTC_a2af9.dir/CMakeCCompilerABI.c.obj   -c "C:/Program Files/CMake/share/cmake-3.12/Modules/CMakeCCompilerABI.c"]
  ignore line: [Linking C executable cmTC_a2af9.exe]
  ignore line: [cd D:/github/girdsandboxes/build/CMakeFiles/CMakeTmp && "C:/Program Files/CMake/bin/cmake.exe" -E remove -f CMakeFiles/cmTC_a2af9.dir/objects.a]
  ignore line: [cd D:/github/girdsandboxes/build/CMakeFiles/CMakeTmp && C:/msys64/usr/bin/ar.exe cr CMakeFiles/cmTC_a2af9.dir/objects.a @CMakeFiles/cmTC_a2af9.dir/objects1.rsp]
  ignore line: [cd D:/github/girdsandboxes/build/CMakeFiles/CMakeTmp && C:/msys64/usr/bin/gcc.exe     -v -Wl,--whole-archive CMakeFiles/cmTC_a2af9.dir/objects.a -Wl,--no-whole-archive  -o cmTC_a2af9.exe -Wl,--out-implib,libcmTC_a2af9.dll.a -Wl,--major-image-version,0,--minor-image-version,0 ]
  ignore line: [Using built-in specs.]
  ignore line: [COLLECT_GCC=C:/msys64/usr/bin/gcc]
  ignore line: [COLLECT_LTO_WRAPPER=/usr/lib/gcc/x86_64-pc-msys/11.3.0/lto-wrapper.exe]
  ignore line: [Target: x86_64-pc-msys]
  ignore line: [Configured with: /c/S/gcc/src/gcc-11.3.0/configure --build=x86_64-pc-msys --prefix=/usr --libexecdir=/usr/lib --enable-bootstrap --enable-shared --enable-shared-libgcc --enable-static --enable-version-specific-runtime-libs --with-arch=x86-64 --with-tune=generic --disable-multilib --enable-__cxa_atexit --with-dwarf2 --enable-languages=c,c++,fortran,lto --enable-graphite --enable-threads=posix --enable-libatomic --enable-libgomp --disable-libitm --enable-libquadmath --enable-libquadmath-support --disable-libssp --disable-win32-registry --disable-symvers --with-gnu-ld --with-gnu-as --disable-isl-version-check --enable-checking=release --without-libiconv-prefix --without-libintl-prefix --with-system-zlib --enable-linker-build-id --with-default-libstdcxx-abi=gcc4-compatible --enable-libstdcxx-filesystem-ts]
  ignore line: [Thread model: posix]
  ignore line: [Supported LTO compression algorithms: zlib]
  ignore line: [gcc version 11.3.0 (GCC) ]
  ignore line: [COMPILER_PATH=/usr/lib/gcc/x86_64-pc-msys/11.3.0/:/usr/lib/gcc/x86_64-pc-msys/11.3.0/:/usr/lib/gcc/x86_64-pc-msys/:/usr/lib/gcc/x86_64-pc-msys/11.3.0/:/usr/lib/gcc/x86_64-pc-msys/:/usr/lib/gcc/x86_64-pc-msys/11.3.0/../../../../x86_64-pc-msys/bin/]
  ignore line: [LIBRARY_PATH=/usr/lib/gcc/x86_64-pc-msys/11.3.0/:/usr/lib/gcc/x86_64-pc-msys/11.3.0/../../../../x86_64-pc-msys/lib/../lib/:/usr/lib/gcc/x86_64-pc-msys/11.3.0/../../../../lib/:/usr/lib/../lib/:/usr/lib/gcc/x86_64-pc-msys/11.3.0/../../../../x86_64-pc-msys/lib/:/usr/lib/gcc/x86_64-pc-msys/11.3.0/../../../:/usr/lib/]
  ignore line: [COLLECT_GCC_OPTIONS='-v' '-o' 'cmTC_a2af9.exe' '-mtune=generic' '-march=x86-64' '-dumpdir' 'cmTC_a2af9.']
  link line: [ /usr/lib/gcc/x86_64-pc-msys/11.3.0/collect2.exe -plugin /usr/lib/gcc/x86_64-pc-msys/11.3.0/msys-lto_plugin.dll -plugin-opt=/usr/lib/gcc/x86_64-pc-msys/11.3.0/lto-wrapper.exe -plugin-opt=-fresolution=/c/Users/KRAKY/AppData/Local/Temp/cc6ChE6b.res -plugin-opt=-pass-through=-lgcc_s -plugin-opt=-pass-through=-lgcc -plugin-opt=-pass-through=-lmsys-2.0 -plugin-opt=-pass-through=-ladvapi32 -plugin-opt=-pass-through=-lshell32 -plugin-opt=-pass-through=-luser32 -plugin-opt=-pass-through=-lkernel32 -plugin-opt=-pass-through=-lgcc_s -plugin-opt=-pass-through=-lgcc --build-id -m i386pep --wrap _Znwm --wrap _Znam --wrap _ZdlPv --wrap _ZdaPv --wrap _ZnwmRKSt9nothrow_t --wrap _ZnamRKSt9nothrow_t --wrap _ZdlPvRKSt9nothrow_t --wrap _ZdaPvRKSt9nothrow_t -Bdynamic --dll-search-prefix=msys- --tsaware -o cmTC_a2af9.exe /usr/lib/gcc/x86_64-pc-msys/11.3.0/../../../../lib/crt0.o /usr/lib/gcc/x86_64-pc-msys/11.3.0/crtbegin.o -L/usr/lib/gcc/x86_64-pc-msys/11.3.0 -L/usr/lib/gcc/x86_64-pc-msys/11.3.0/../../../../x86_64-pc-msys/lib/../lib -L/usr/lib/gcc/x86_64-pc-msys/11.3.0/../../../../lib -L/usr/lib/../lib -L/usr/lib/gcc/x86_64-pc-msys/11.3.0/../../../../x86_64-pc-msys/lib -L/usr/lib/gcc/x86_64-pc-msys/11.3.0/../../.. --whole-archive CMakeFiles/cmTC_a2af9.dir/objects.a --no-whole-archive --out-implib libcmTC_a2af9.dll.a --major-image-version 0 --minor-image-version 0 -lgcc_s -lgcc -lmsys-2.0 -ladvapi32 -lshell32 -luser32 -lkernel32 -lgcc_s -lgcc /usr/lib/gcc/x86_64-pc-msys/11.3.0/../../../../lib/default-manifest.o /usr/lib/gcc/x86_64-pc-msys/11.3.0/crtend.o]
    arg [/usr/lib/gcc/x86_64-pc-msys/11.3.0/collect2.exe] ==> ignore
    arg [-plugin] ==> ignore
    arg [/usr/lib/gcc/x86_64-pc-msys/11.3.0/msys-lto_plugin.dll] ==> ignore
    arg [-plugin-opt=/usr/lib/gcc/x86_64-pc-msys/11.3.0/lto-wrapper.exe] ==> ignore
    arg [-plugin-opt=-fresolution=/c/Users/KRAKY/AppData/Local/Temp/cc6ChE6b.res] ==> ignore
    arg [-plugin-opt=-pass-through=-lgcc_s] ==> ignore
    arg [-plugin-opt=-pass-through=-lgcc] ==> ignore
    arg [-plugin-opt=-pass-through=-lmsys-2.0] ==> ignore
    arg [-plugin-opt=-pass-through=-ladvapi32] ==> ignore
    arg [-plugin-opt=-pass-through=-lshell32] ==> ignore
    arg [-plugin-opt=-pass-through=-luser32] ==> ignore
    arg [-plugin-opt=-pass-through=-lkernel32] ==> ignore
    arg [-plugin-opt=-pass-through=-lgcc_s] ==> ignore
    arg [-plugin-opt=-pass-through=-lgcc] ==> ignore
    arg [--build-id] ==> ignore
    arg [-m] ==> ignore
    arg [i386pep] ==> ignore
    arg [--wrap] ==> ignore
    arg [_Znwm] ==> ignore
    arg [--wrap] ==> ignore
    arg [_Znam] ==> ignore
    arg [--wrap] ==> ignore
    arg [_ZdlPv] ==> ignore
    arg [--wrap] ==> ignore
    arg [_ZdaPv] ==> ignore
    arg [--wrap] ==> ignore
    arg [_ZnwmRKSt9nothrow_t] ==> ignore
    arg [--wrap] ==> ignore
    arg [_ZnamRKSt9nothrow_t] ==> ignore
    arg [--wrap] ==> ignore
    arg [_ZdlPvRKSt9nothrow_t] ==> ignore
    arg [--wrap] ==> ignore
    arg [_ZdaPvRKSt9nothrow_t] ==> ignore
    arg [-Bdynamic] ==> ignore
    arg [--dll-search-prefix=msys-] ==> ignore
    arg [--tsaware] ==> ignore
    arg [-o] ==> ignore
    arg [cmTC_a2af9.exe] ==> ignore
    arg [/usr/lib/gcc/x86_64-pc-msys/11.3.0/../../../../lib/crt0.o] ==> ignore
    arg [/usr/lib/gcc/x86_64-pc-msys/11.3.0/crtbegin.o] ==> ignore
    arg [-L/usr/lib/gcc/x86_64-pc-msys/11.3.0] ==> dir [/usr/lib/gcc/x86_64-pc-msys/11.3.0]
    arg [-L/usr/lib/gcc/x86_64-pc-msys/11.3.0/../../../../x86_64-pc-msys/lib/../lib] ==> dir [/usr/lib/gcc/x86_64-pc-msys/11.3.0/../../../../x86_64-pc-msys/lib/../lib]
    arg [-L/usr/lib/gcc/x86_64-pc-msys/11.3.0/../../../../lib] ==> dir [/usr/lib/gcc/x86_64-pc-msys/11.3.0/../../../../lib]
    arg [-L/usr/lib/../lib] ==> dir [/usr/lib/../lib]
    arg [-L/usr/lib/gcc/x86_64-pc-msys/11.3.0/../../../../x86_64-pc-msys/lib] ==> dir [/usr/lib/gcc/x86_64-pc-msys/11.3.0/../../../../x86_64-pc-msys/lib]
    arg [-L/usr/lib/gcc/x86_64-pc-msys/11.3.0/../../..] ==> dir [/usr/lib/gcc/x86_64-pc-msys/11.3.0/../../..]
    arg [--whole-archive] ==> ignore
    arg [CMakeFiles/cmTC_a2af9.dir/objects.a] ==> ignore
    arg [--no-whole-archive] ==> ignore
    arg [--out-implib] ==> ignore
    arg [libcmTC_a2af9.dll.a] ==> ignore
    arg [--major-image-version] ==> ignore
    arg [0] ==> ignore
    arg [--minor-image-version] ==> ignore
    arg [0] ==> ignore
    arg [-lgcc_s] ==> lib [gcc_s]
    arg [-lgcc] ==> lib [gcc]
    arg [-lmsys-2.0] ==> lib [msys-2.0]
    arg [-ladvapi32] ==> lib [advapi32]
    arg [-lshell32] ==> lib [shell32]
    arg [-luser32] ==> lib [user32]
    arg [-lkernel32] ==> lib [kernel32]
    arg [-lgcc_s] ==> lib [gcc_s]
    arg [-lgcc] ==> lib [gcc]
    arg [/usr/lib/gcc/x86_64-pc-msys/11.3.0/../../../../lib/default-manifest.o] ==> ignore
    arg [/usr/lib/gcc/x86_64-pc-msys/11.3.0/crtend.o] ==> ignore
  collapse library dir [/usr/lib/gcc/x86_64-pc-msys/11.3.0] ==> [/usr/lib/gcc/x86_64-pc-msys/11.3.0]
  collapse library dir [/usr/lib/gcc/x86_64-pc-msys/11.3.0/../../../../x86_64-pc-msys/lib/../lib] ==> [/usr/x86_64-pc-msys/lib]
  collapse library dir [/usr/lib/gcc/x86_64-pc-msys/11.3.0/../../../../lib] ==> [/usr/lib]
  collapse library dir [/usr/lib/../lib] ==> [/usr/lib]
  collapse library dir [/usr/lib/gcc/x86_64-pc-msys/11.3.0/../../../../x86_64-pc-msys/lib] ==> [/usr/x86_64-pc-msys/lib]
  collapse library dir [/usr/lib/gcc/x86_64-pc-msys/11.3.0/../../..] ==> [/usr/lib]
  implicit libs: [gcc_s;gcc;msys-2.0;advapi32;shell32;user32;kernel32;gcc_s;gcc]
  implicit dirs: [/usr/lib/gcc/x86_64-pc-msys/11.3.0;/usr/x86_64-pc-msys/lib;/usr/lib]
  implicit fwks: []




Detecting C [-std=c11] compiler features compiled with the following output:
Change Dir: d:/github/girdsandboxes/build/CMakeFiles/CMakeTmp

Run Build Command:"C:/msys64/usr/bin/make.exe" "cmTC_42db9/fast"
/usr/bin/make -f CMakeFiles/cmTC_42db9.dir/build.make CMakeFiles/cmTC_42db9.dir/build
make[1]: Entering directory '/d/github/girdsandboxes/build/CMakeFiles/CMakeTmp'
Building C object CMakeFiles/cmTC_42db9.dir/feature_tests.c.obj
cd D:/github/girdsandboxes/build/CMakeFiles/CMakeTmp && C:/msys64/usr/bin/gcc.exe   -std=c11 -o CMakeFiles/cmTC_42db9.dir/feature_tests.c.obj   -c D:/github/girdsandboxes/build/CMakeFiles/feature_tests.c
Linking C executable cmTC_42db9.exe
cd D:/github/girdsandboxes/build/CMakeFiles/CMakeTmp && "C:/Program Files/CMake/bin/cmake.exe" -E remove -f CMakeFiles/cmTC_42db9.dir/objects.a
cd D:/github/girdsandboxes/build/CMakeFiles/CMakeTmp && C:/msys64/usr/bin/ar.exe cr CMakeFiles/cmTC_42db9.dir/objects.a @CMakeFiles/cmTC_42db9.dir/objects1.rsp
cd D:/github/girdsandboxes/build/CMakeFiles/CMakeTmp && C:/msys64/usr/bin/gcc.exe      -Wl,--whole-archive CMakeFiles/cmTC_42db9.dir/objects.a -Wl,--no-whole-archive  -o cmTC_42db9.exe -Wl,--out-implib,libcmTC_42db9.dll.a -Wl,--major-image-version,0,--minor-image-version,0 
make[1]: Leaving directory '/d/github/girdsandboxes/build/CMakeFiles/CMakeTmp'


    Feature record: C_FEATURE:1c_function_prototypes
    Feature record: C_FEATURE:1c_restrict
    Feature record: C_FEATURE:1c_static_assert
    Feature record: C_FEATURE:1c_variadic_macros


Detecting C [-std=c99] compiler features compiled with the following output:
Change Dir: d:/github/girdsandboxes/build/CMakeFiles/CMakeTmp

Run Build Command:"C:/msys64/usr/bin/make.exe" "cmTC_f923c/fast"
/usr/bin/make -f CMakeFiles/cmTC_f923c.dir/build.make CMakeFiles/cmTC_f923c.dir/build
make[1]: Entering directory '/d/github/girdsandboxes/build/CMakeFiles/CMakeTmp'
Building C object CMakeFiles/cmTC_f923c.dir/feature_tests.c.obj
cd D:/github/girdsandboxes/build/CMakeFiles/CMakeTmp && C:/msys64/usr/bin/gcc.exe   -std=c99 -o CMakeFiles/cmTC_f923c.dir/feature_tests.c.obj   -c D:/github/girdsandboxes/build/CMakeFiles/feature_tests.c
Linking C executable cmTC_f923c.exe
cd D:/github/girdsandboxes/build/CMakeFiles/CMakeTmp && "C:/Program Files/CMake/bin/cmake.exe" -E remove -f CMakeFiles/cmTC_f923c.dir/objects.a
cd D:/github/girdsandboxes/build/CMakeFiles/CMakeTmp && C:/msys64/usr/bin/ar.exe cr CMakeFiles/cmTC_f923c.dir/objects.a @CMakeFiles/cmTC_f923c.dir/objects1.rsp
cd D:/github/girdsandboxes/build/CMakeFiles/CMakeTmp && C:/msys64/usr/bin/gcc.exe      -Wl,--whole-archive CMakeFiles/cmTC_f923c.dir/objects.a -Wl,--no-whole-archive  -o cmTC_f923c.exe -Wl,--out-implib,libcmTC_f923c.dll.a -Wl,--major-image-version,0,--minor-image-version,0 
make[1]: Leaving directory '/d/github/girdsandboxes/build/CMakeFiles/CMakeTmp'


    Feature record: C_FEATURE:1c_function_prototypes
    Feature record: C_FEATURE:1c_restrict
    Feature record: C_FEATURE:0c_static_assert
    Feature record: C_FEATURE:1c_variadic_macros


Detecting C [-std=c90] compiler features compiled with the following output:
Change Dir: d:/github/girdsandboxes/build/CMakeFiles/CMakeTmp

Run Build Command:"C:/msys64/usr/bin/make.exe" "cmTC_f041e/fast"
/usr/bin/make -f CMakeFiles/cmTC_f041e.dir/build.make CMakeFiles/cmTC_f041e.dir/build
make[1]: Entering directory '/d/github/girdsandboxes/build/CMakeFiles/CMakeTmp'
Building C object CMakeFiles/cmTC_f041e.dir/feature_tests.c.obj
cd D:/github/girdsandboxes/build/CMakeFiles/CMakeTmp && C:/msys64/usr/bin/gcc.exe   -std=c90 -o CMakeFiles/cmTC_f041e.dir/feature_tests.c.obj   -c D:/github/girdsandboxes/build/CMakeFiles/feature_tests.c
Linking C executable cmTC_f041e.exe
cd D:/github/girdsandboxes/build/CMakeFiles/CMakeTmp && "C:/Program Files/CMake/bin/cmake.exe" -E remove -f CMakeFiles/cmTC_f041e.dir/objects.a
cd D:/github/girdsandboxes/build/CMakeFiles/CMakeTmp && C:/msys64/usr/bin/ar.exe cr CMakeFiles/cmTC_f041e.dir/objects.a @CMakeFiles/cmTC_f041e.dir/objects1.rsp
cd D:/github/girdsandboxes/build/CMakeFiles/CMakeTmp && C:/msys64/usr/bin/gcc.exe      -Wl,--whole-archive CMakeFiles/cmTC_f041e.dir/objects.a -Wl,--no-whole-archive  -o cmTC_f041e.exe -Wl,--out-implib,libcmTC_f041e.dll.a -Wl,--major-image-version,0,--minor-image-version,0 
make[1]: Leaving directory '/d/github/girdsandboxes/build/CMakeFiles/CMakeTmp'


    Feature record: C_FEATURE:1c_function_prototypes
    Feature record: C_FEATURE:0c_restrict
    Feature record: C_FEATURE:0c_static_assert
    Feature record: C_FEATURE:0c_variadic_macros
Determining if the CXX compiler works passed with the following output:
Change Dir: d:/github/girdsandboxes/build/CMakeFiles/CMakeTmp

Run Build Command:"C:/msys64/usr/bin/make.exe" "cmTC_ea239/fast"
/usr/bin/make -f CMakeFiles/cmTC_ea239.dir/build.make CMakeFiles/cmTC_ea239.dir/build
make[1]: Entering directory '/d/github/girdsandboxes/build/CMakeFiles/CMakeTmp'
Building CXX object CMakeFiles/cmTC_ea239.dir/testCXXCompiler.cxx.o
cd D:/github/girdsandboxes/build/CMakeFiles/CMakeTmp && C:/msys64/usr/bin/g++.exe     -o CMakeFiles/cmTC_ea239.dir/testCXXCompiler.cxx.o -c D:/github/girdsandboxes/build/CMakeFiles/CMakeTmp/testCXXCompiler.cxx
Linking CXX executable cmTC_ea239.exe
cd D:/github/girdsandboxes/build/CMakeFiles/CMakeTmp && "C:/Program Files/CMake/bin/cmake.exe" -E remove -f CMakeFiles/cmTC_ea239.dir/objects.a
cd D:/github/girdsandboxes/build/CMakeFiles/CMakeTmp && C:/msys64/usr/bin/ar.exe cr CMakeFiles/cmTC_ea239.dir/objects.a @CMakeFiles/cmTC_ea239.dir/objects1.rsp
cd D:/github/girdsandboxes/build/CMakeFiles/CMakeTmp && C:/msys64/usr/bin/g++.exe      -Wl,--whole-archive CMakeFiles/cmTC_ea239.dir/objects.a -Wl,--no-whole-archive  -o cmTC_ea239.exe -Wl,--out-implib,libcmTC_ea239.dll.a -Wl,--major-image-version,0,--minor-image-version,0 
make[1]: Leaving directory '/d/github/girdsandboxes/build/CMakeFiles/CMakeTmp'


Detecting CXX compiler ABI info compiled with the following output:
Change Dir: d:/github/girdsandboxes/build/CMakeFiles/CMakeTmp

Run Build Command:"C:/msys64/usr/bin/make.exe" "cmTC_734c0/fast"
/usr/bin/make -f CMakeFiles/cmTC_734c0.dir/build.make CMakeFiles/cmTC_734c0.dir/build
make[1]: Entering directory '/d/github/girdsandboxes/build/CMakeFiles/CMakeTmp'
Building CXX object CMakeFiles/cmTC_734c0.dir/CMakeCXXCompilerABI.cpp.o
cd D:/github/girdsandboxes/build/CMakeFiles/CMakeTmp && C:/msys64/usr/bin/g++.exe     -o CMakeFiles/cmTC_734c0.dir/CMakeCXXCompilerABI.cpp.o -c "C:/Program Files/CMake/share/cmake-3.12/Modules/CMakeCXXCompilerABI.cpp"
Linking CXX executable cmTC_734c0.exe
cd D:/github/girdsandboxes/build/CMakeFiles/CMakeTmp && "C:/Program Files/CMake/bin/cmake.exe" -E remove -f CMakeFiles/cmTC_734c0.dir/objects.a
cd D:/github/girdsandboxes/build/CMakeFiles/CMakeTmp && C:/msys64/usr/bin/ar.exe cr CMakeFiles/cmTC_734c0.dir/objects.a @CMakeFiles/cmTC_734c0.dir/objects1.rsp
cd D:/github/girdsandboxes/build/CMakeFiles/CMakeTmp && C:/msys64/usr/bin/g++.exe     -v -Wl,--whole-archive CMakeFiles/cmTC_734c0.dir/objects.a -Wl,--no-whole-archive  -o cmTC_734c0.exe -Wl,--out-implib,libcmTC_734c0.dll.a -Wl,--major-image-version,0,--minor-image-version,0 
Using built-in specs.
COLLECT_GCC=C:/msys64/usr/bin/g++
COLLECT_LTO_WRAPPER=/usr/lib/gcc/x86_64-pc-msys/11.3.0/lto-wrapper.exe
Target: x86_64-pc-msys
Configured with: /c/S/gcc/src/gcc-11.3.0/configure --build=x86_64-pc-msys --prefix=/usr --libexecdir=/usr/lib --enable-bootstrap --enable-shared --enable-shared-libgcc --enable-static --enable-version-specific-runtime-libs --with-arch=x86-64 --with-tune=generic --disable-multilib --enable-__cxa_atexit --with-dwarf2 --enable-languages=c,c++,fortran,lto --enable-graphite --enable-threads=posix --enable-libatomic --enable-libgomp --disable-libitm --enable-libquadmath --enable-libquadmath-support --disable-libssp --disable-win32-registry --disable-symvers --with-gnu-ld --with-gnu-as --disable-isl-version-check --enable-checking=release --without-libiconv-prefix --without-libintl-prefix --with-system-zlib --enable-linker-build-id --with-default-libstdcxx-abi=gcc4-compatible --enable-libstdcxx-filesystem-ts
Thread model: posix
Supported LTO compression algorithms: zlib
gcc version 11.3.0 (GCC) 
COMPILER_PATH=/usr/lib/gcc/x86_64-pc-msys/11.3.0/:/usr/lib/gcc/x86_64-pc-msys/11.3.0/:/usr/lib/gcc/x86_64-pc-msys/:/usr/lib/gcc/x86_64-pc-msys/11.3.0/:/usr/lib/gcc/x86_64-pc-msys/:/usr/lib/gcc/x86_64-pc-msys/11.3.0/../../../../x86_64-pc-msys/bin/
LIBRARY_PATH=/usr/lib/gcc/x86_64-pc-msys/11.3.0/:/usr/lib/gcc/x86_64-pc-msys/11.3.0/../../../../x86_64-pc-msys/lib/../lib/:/usr/lib/gcc/x86_64-pc-msys/11.3.0/../../../../lib/:/usr/lib/../lib/:/usr/lib/gcc/x86_64-pc-msys/11.3.0/../../../../x86_64-pc-msys/lib/:/usr/lib/gcc/x86_64-pc-msys/11.3.0/../../../:/usr/lib/
COLLECT_GCC_OPTIONS='-v' '-o' 'cmTC_734c0.exe' '-shared-libgcc' '-mtune=generic' '-march=x86-64' '-dumpdir' 'cmTC_734c0.'
 /usr/lib/gcc/x86_64-pc-msys/11.3.0/collect2.exe -plugin /usr/lib/gcc/x86_64-pc-msys/11.3.0/msys-lto_plugin.dll -plugin-opt=/usr/lib/gcc/x86_64-pc-msys/11.3.0/lto-wrapper.exe -plugin-opt=-fresolution=/c/Users/KRAKY/AppData/Local/Temp/cc8EbEg1.res -plugin-opt=-pass-through=-lgcc_s -plugin-opt=-pass-through=-lgcc -plugin-opt=-pass-through=-lmsys-2.0 -plugin-opt=-pass-through=-ladvapi32 -plugin-opt=-pass-through=-lshell32 -plugin-opt=-pass-through=-luser32 -plugin-opt=-pass-through=-lkernel32 -plugin-opt=-pass-through=-lgcc_s -plugin-opt=-pass-through=-lgcc --build-id -m i386pep --wrap _Znwm --wrap _Znam --wrap _ZdlPv --wrap _ZdaPv --wrap _ZnwmRKSt9nothrow_t --wrap _ZnamRKSt9nothrow_t --wrap _ZdlPvRKSt9nothrow_t --wrap _ZdaPvRKSt9nothrow_t -Bdynamic --dll-search-prefix=msys- --tsaware -o cmTC_734c0.exe /usr/lib/gcc/x86_64-pc-msys/11.3.0/../../../../lib/crt0.o /usr/lib/gcc/x86_64-pc-msys/11.3.0/crtbegin.o -L/usr/lib/gcc/x86_64-pc-msys/11.3.0 -L/usr/lib/gcc/x86_64-pc-msys/11.3.0/../../../../x86_64-pc-msys/lib/../lib -L/usr/lib/gcc/x86_64-pc-msys/11.3.0/../../../../lib -L/usr/lib/../lib -L/usr/lib/gcc/x86_64-pc-msys/11.3.0/../../../../x86_64-pc-msys/lib -L/usr/lib/gcc/x86_64-pc-msys/11.3.0/../../.. --whole-archive CMakeFiles/cmTC_734c0.dir/objects.a --no-whole-archive --out-implib libcmTC_734c0.dll.a --major-image-version 0 --minor-image-version 0 -lstdc++ -lgcc_s -lgcc -lmsys-2.0 -ladvapi32 -lshell32 -luser32 -lkernel32 -lgcc_s -lgcc /usr/lib/gcc/x86_64-pc-msys/11.3.0/../../../../lib/default-manifest.o /usr/lib/gcc/x86_64-pc-msys/11.3.0/crtend.o
COLLECT_GCC_OPTIONS='-v' '-o' 'cmTC_734c0.exe' '-shared-libgcc' '-mtune=generic' '-march=x86-64' '-dumpdir' 'cmTC_734c0.'
make[1]: Leaving directory '/d/github/girdsandboxes/build/CMakeFiles/CMakeTmp'


Parsed CXX implicit link information from above output:
  link line regex: [^( *|.*[/\])(ld\.exe|CMAKE_LINK_STARTFILE-NOTFOUND|([^/\]+-)?ld|collect2)[^/\]*( |$)]
  ignore line: [Change Dir: d:/github/girdsandboxes/build/CMakeFiles/CMakeTmp]
  ignore line: []
  ignore line: [Run Build Command:"C:/msys64/usr/bin/make.exe" "cmTC_734c0/fast"]
  ignore line: [/usr/bin/make -f CMakeFiles/cmTC_734c0.dir/build.make CMakeFiles/cmTC_734c0.dir/build]
  ignore line: [make[1]: Entering directory '/d/github/girdsandboxes/build/CMakeFiles/CMakeTmp']
  ignore line: [Building CXX object CMakeFiles/cmTC_734c0.dir/CMakeCXXCompilerABI.cpp.o]
  ignore line: [cd D:/github/girdsandboxes/build/CMakeFiles/CMakeTmp && C:/msys64/usr/bin/g++.exe     -o CMakeFiles/cmTC_734c0.dir/CMakeCXXCompilerABI.cpp.o -c "C:/Program Files/CMake/share/cmake-3.12/Modules/CMakeCXXCompilerABI.cpp"]
  ignore line: [Linking CXX executable cmTC_734c0.exe]
  ignore line: [cd D:/github/girdsandboxes/build/CMakeFiles/CMakeTmp && "C:/Program Files/CMake/bin/cmake.exe" -E remove -f CMakeFiles/cmTC_734c0.dir/objects.a]
  ignore line: [cd D:/github/girdsandboxes/build/CMakeFiles/CMakeTmp && C:/msys64/usr/bin/ar.exe cr CMakeFiles/cmTC_734c0.dir/objects.a @CMakeFiles/cmTC_734c0.dir/objects1.rsp]
  ignore line: [cd D:/github/girdsandboxes/build/CMakeFiles/CMakeTmp && C:/msys64/usr/bin/g++.exe     -v -Wl,--whole-archive CMakeFiles/cmTC_734c0.dir/objects.a -Wl,--no-whole-archive  -o cmTC_734c0.exe -Wl,--out-implib,libcmTC_734c0.dll.a -Wl,--major-image-version,0,--minor-image-version,0 ]
  ignore line: [Using built-in specs.]
  ignore line: [COLLECT_GCC=C:/msys64/usr/bin/g++]
  ignore line: [COLLECT_LTO_WRAPPER=/usr/lib/gcc/x86_64-pc-msys/11.3.0/lto-wrapper.exe]
  ignore line: [Target: x86_64-pc-msys]
  ignore line: [Configured with: /c/S/gcc/src/gcc-11.3.0/configure --build=x86_64-pc-msys --prefix=/usr --libexecdir=/usr/lib --enable-bootstrap --enable-shared --enable-shared-libgcc --enable-static --enable-version-specific-runtime-libs --with-arch=x86-64 --with-tune=generic --disable-multilib --enable-__cxa_atexit --with-dwarf2 --enable-languages=c,c++,fortran,lto --enable-graphite --enable-threads=posix --enable-libatomic --enable-libgomp --disable-libitm --enable-libquadmath --enable-libquadmath-support --disable-libssp --disable-win32-registry --disable-symvers --with-gnu-ld --with-gnu-as --disable-isl-version-check --enable-checking=release --without-libiconv-prefix --without-libintl-prefix --with-system-zlib --enable-linker-build-id --with-default-libstdcxx-abi=gcc4-compatible --enable-libstdcxx-filesystem-ts]
  ignore line: [Thread model: posix]
  ignore line: [Supported LTO compression algorithms: zlib]
  ignore line: [gcc version 11.3.0 (GCC) ]
  ignore line: [COMPILER_PATH=/usr/lib/gcc/x86_64-pc-msys/11.3.0/:/usr/lib/gcc/x86_64-pc-msys/11.3.0/:/usr/lib/gcc/x86_64-pc-msys/:/usr/lib/gcc/x86_64-pc-msys/11.3.0/:/usr/lib/gcc/x86_64-pc-msys/:/usr/lib/gcc/x86_64-pc-msys/11.3.0/../../../../x86_64-pc-msys/bin/]
  ignore line: [LIBRARY_PATH=/usr/lib/gcc/x86_64-pc-msys/11.3.0/:/usr/lib/gcc/x86_64-pc-msys/11.3.0/../../../../x86_64-pc-msys/lib/../lib/:/usr/lib/gcc/x86_64-pc-msys/11.3.0/../../../../lib/:/usr/lib/../lib/:/usr/lib/gcc/x86_64-pc-msys/11.3.0/../../../../x86_64-pc-msys/lib/:/usr/lib/gcc/x86_64-pc-msys/11.3.0/../../../:/usr/lib/]
  ignore line: [COLLECT_GCC_OPTIONS='-v' '-o' 'cmTC_734c0.exe' '-shared-libgcc' '-mtune=generic' '-march=x86-64' '-dumpdir' 'cmTC_734c0.']
  link line: [ /usr/lib/gcc/x86_64-pc-msys/11.3.0/collect2.exe -plugin /usr/lib/gcc/x86_64-pc-msys/11.3.0/msys-lto_plugin.dll -plugin-opt=/usr/lib/gcc/x86_64-pc-msys/11.3.0/lto-wrapper.exe -plugin-opt=-fresolution=/c/Users/KRAKY/AppData/Local/Temp/cc8EbEg1.res -plugin-opt=-pass-through=-lgcc_s -plugin-opt=-pass-through=-lgcc -plugin-opt=-pass-through=-lmsys-2.0 -plugin-opt=-pass-through=-ladvapi32 -plugin-opt=-pass-through=-lshell32 -plugin-opt=-pass-through=-luser32 -plugin-opt=-pass-through=-lkernel32 -plugin-opt=-pass-through=-lgcc_s -plugin-opt=-pass-through=-lgcc --build-id -m i386pep --wrap _Znwm --wrap _Znam --wrap _ZdlPv --wrap _ZdaPv --wrap _ZnwmRKSt9nothrow_t --wrap _ZnamRKSt9nothrow_t --wrap _ZdlPvRKSt9nothrow_t --wrap _ZdaPvRKSt9nothrow_t -Bdynamic --dll-search-prefix=msys- --tsaware -o cmTC_734c0.exe /usr/lib/gcc/x86_64-pc-msys/11.3.0/../../../../lib/crt0.o /usr/lib/gcc/x86_64-pc-msys/11.3.0/crtbegin.o -L/usr/lib/gcc/x86_64-pc-msys/11.3.0 -L/usr/lib/gcc/x86_64-pc-msys/11.3.0/../../../../x86_64-pc-msys/lib/../lib -L/usr/lib/gcc/x86_64-pc-msys/11.3.0/../../../../lib -L/usr/lib/../lib -L/usr/lib/gcc/x86_64-pc-msys/11.3.0/../../../../x86_64-pc-msys/lib -L/usr/lib/gcc/x86_64-pc-msys/11.3.0/../../.. --whole-archive CMakeFiles/cmTC_734c0.dir/objects.a --no-whole-archive --out-implib libcmTC_734c0.dll.a --major-image-version 0 --minor-image-version 0 -lstdc++ -lgcc_s -lgcc -lmsys-2.0 -ladvapi32 -lshell32 -luser32 -lkernel32 -lgcc_s -lgcc /usr/lib/gcc/x86_64-pc-msys/11.3.0/../../../../lib/default-manifest.o /usr/lib/gcc/x86_64-pc-msys/11.3.0/crtend.o]
    arg [/usr/lib/gcc/x86_64-pc-msys/11.3.0/collect2.exe] ==> ignore
    arg [-plugin] ==> ignore
    arg [/usr/lib/gcc/x86_64-pc-msys/11.3.0/msys-lto_plugin.dll] ==> ignore
    arg [-plugin-opt=/usr/lib/gcc/x86_64-pc-msys/11.3.0/lto-wrapper.exe] ==> ignore
    arg [-plugin-opt=-fresolution=/c/Users/KRAKY/AppData/Local/Temp/cc8EbEg1.res] ==> ignore
    arg [-plugin-opt=-pass-through=-lgcc_s] ==> ignore
    arg [-plugin-opt=-pass-through=-lgcc] ==> ignore
    arg [-plugin-opt=-pass-through=-lmsys-2.0] ==> ignore
    arg [-plugin-opt=-pass-through=-ladvapi32] ==> ignore
    arg [-plugin-opt=-pass-through=-lshell32] ==> ignore
    arg [-plugin-opt=-pass-through=-luser32] ==> ignore
    arg [-plugin-opt=-pass-through=-lkernel32] ==> ignore
    arg [-plugin-opt=-pass-through=-lgcc_s] ==> ignore
    arg [-plugin-opt=-pass-through=-lgcc] ==> ignore
    arg [--build-id] ==> ignore
    arg [-m] ==> ignore
    arg [i386pep] ==> ignore
    arg [--wrap] ==> ignore
    arg [_Znwm] ==> ignore
    arg [--wrap] ==> ignore
    arg [_Znam] ==> ignore
    arg [--wrap] ==> ignore
    arg [_ZdlPv] ==> ignore
    arg [--wrap] ==> ignore
    arg [_ZdaPv] ==> ignore
    arg [--wrap] ==> ignore
    arg [_ZnwmRKSt9nothrow_t] ==> ignore
    arg [--wrap] ==> ignore
    arg [_ZnamRKSt9nothrow_t] ==> ignore
    arg [--wrap] ==> ignore
    arg [_ZdlPvRKSt9nothrow_t] ==> ignore
    arg [--wrap] ==> ignore
    arg [_ZdaPvRKSt9nothrow_t] ==> ignore
    arg [-Bdynamic] ==> ignore
    arg [--dll-search-prefix=msys-] ==> ignore
    arg [--tsaware] ==> ignore
    arg [-o] ==> ignore
    arg [cmTC_734c0.exe] ==> ignore
    arg [/usr/lib/gcc/x86_64-pc-msys/11.3.0/../../../../lib/crt0.o] ==> ignore
    arg [/usr/lib/gcc/x86_64-pc-msys/11.3.0/crtbegin.o] ==> ignore
    arg [-L/usr/lib/gcc/x86_64-pc-msys/11.3.0] ==> dir [/usr/lib/gcc/x86_64-pc-msys/11.3.0]
    arg [-L/usr/lib/gcc/x86_64-pc-msys/11.3.0/../../../../x86_64-pc-msys/lib/../lib] ==> dir [/usr/lib/gcc/x86_64-pc-msys/11.3.0/../../../../x86_64-pc-msys/lib/../lib]
    arg [-L/usr/lib/gcc/x86_64-pc-msys/11.3.0/../../../../lib] ==> dir [/usr/lib/gcc/x86_64-pc-msys/11.3.0/../../../../lib]
    arg [-L/usr/lib/../lib] ==> dir [/usr/lib/../lib]
    arg [-L/usr/lib/gcc/x86_64-pc-msys/11.3.0/../../../../x86_64-pc-msys/lib] ==> dir [/usr/lib/gcc/x86_64-pc-msys/11.3.0/../../../../x86_64-pc-msys/lib]
    arg [-L/usr/lib/gcc/x86_64-pc-msys/11.3.0/../../..] ==> dir [/usr/lib/gcc/x86_64-pc-msys/11.3.0/../../..]
    arg [--whole-archive] ==> ignore
    arg [CMakeFiles/cmTC_734c0.dir/objects.a] ==> ignore
    arg [--no-whole-archive] ==> ignore
    arg [--out-implib] ==> ignore
    arg [libcmTC_734c0.dll.a] ==> ignore
    arg [--major-image-version] ==> ignore
    arg [0] ==> ignore
    arg [--minor-image-version] ==> ignore
    arg [0] ==> ignore
    arg [-lstdc++] ==> lib [stdc++]
    arg [-lgcc_s] ==> lib [gcc_s]
    arg [-lgcc] ==> lib [gcc]
    arg [-lmsys-2.0] ==> lib [msys-2.0]
    arg [-ladvapi32] ==> lib [advapi32]
    arg [-lshell32] ==> lib [shell32]
    arg [-luser32] ==> lib [user32]
    arg [-lkernel32] ==> lib [kernel32]
    arg [-lgcc_s] ==> lib [gcc_s]
    arg [-lgcc] ==> lib [gcc]
    arg [/usr/lib/gcc/x86_64-pc-msys/11.3.0/../../../../lib/default-manifest.o] ==> ignore
    arg [/usr/lib/gcc/x86_64-pc-msys/11.3.0/crtend.o] ==> ignore
  collapse library dir [/usr/lib/gcc/x86_64-pc-msys/11.3.0] ==> [/usr/lib/gcc/x86_64-pc-msys/11.3.0]
  collapse library dir [/usr/lib/gcc/x86_64-pc-msys/11.3.0/../../../../x86_64-pc-msys/lib/../lib] ==> [/usr/x86_64-pc-msys/lib]
  collapse library dir [/usr/lib/gcc/x86_64-pc-msys/11.3.0/../../../../lib] ==> [/usr/lib]
  collapse library dir [/usr/lib/../lib] ==> [/usr/lib]
  collapse library dir [/usr/lib/gcc/x86_64-pc-msys/11.3.0/../../../../x86_64-pc-msys/lib] ==> [/usr/x86_64-pc-msys/lib]
  collapse library dir [/usr/lib/gcc/x86_64-pc-msys/11.3.0/../../..] ==> [/usr/lib]
  implicit libs: [stdc++;gcc_s;gcc;msys-2.0;advapi32;shell32;user32;kernel32;gcc_s;gcc]
  implicit dirs: [/usr/lib/gcc/x86_64-pc-msys/11.3.0;/usr/x86_64-pc-msys/lib;/usr/lib]
  implicit fwks: []




Detecting CXX [-std=c++2a] compiler features compiled with the following output:
Change Dir: d:/github/girdsandboxes/build/CMakeFiles/CMakeTmp

Run Build Command:"C:/msys64/usr/bin/make.exe" "cmTC_35b1b/fast"
/usr/bin/make -f CMakeFiles/cmTC_35b1b.dir/build.make CMakeFiles/cmTC_35b1b.dir/build
make[1]: Entering directory '/d/github/girdsandboxes/build/CMakeFiles/CMakeTmp'
Building CXX object CMakeFiles/cmTC_35b1b.dir/feature_tests.cxx.o
cd D:/github/girdsandboxes/build/CMakeFiles/CMakeTmp && C:/msys64/usr/bin/g++.exe    -std=c++2a -o CMakeFiles/cmTC_35b1b.dir/feature_tests.cxx.o -c D:/github/girdsandboxes/build/CMakeFiles/feature_tests.cxx
Linking CXX executable cmTC_35b1b.exe
cd D:/github/girdsandboxes/build/CMakeFiles/CMakeTmp && "C:/Program Files/CMake/bin/cmake.exe" -E remove -f CMakeFiles/cmTC_35b1b.dir/objects.a
cd D:/github/girdsandboxes/build/CMakeFiles/CMakeTmp && C:/msys64/usr/bin/ar.exe cr CMakeFiles/cmTC_35b1b.dir/objects.a @CMakeFiles/cmTC_35b1b.dir/objects1.rsp
cd D:/github/girdsandboxes/build/CMakeFiles/CMakeTmp && C:/msys64/usr/bin/g++.exe      -Wl,--whole-archive CMakeFiles/cmTC_35b1b.dir/objects.a -Wl,--no-whole-archive  -o cmTC_35b1b.exe -Wl,--out-implib,libcmTC_35b1b.dll.a -Wl,--major-image-version,0,--minor-image-version,0 
make[1]: Leaving directory '/d/github/girdsandboxes/build/CMakeFiles/CMakeTmp'


    Feature record: CXX_FEATURE:1cxx_aggregate_default_initializers
    Feature record: CXX_FEATURE:1cxx_alias_templates
    Feature record: CXX_FEATURE:1cxx_alignas
    Feature record: CXX_FEATURE:1cxx_alignof
    Feature record: CXX_FEATURE:1cxx_attributes
    Feature record: CXX_FEATURE:1cxx_attribute_deprecated
    Feature record: CXX_FEATURE:1cxx_auto_type
    Feature record: CXX_FEATURE:1cxx_binary_literals
    Feature record: CXX_FEATURE:1cxx_constexpr
    Feature record: CXX_FEATURE:1cxx_contextual_conversions
    Feature record: CXX_FEATURE:1cxx_decltype
    Feature record: CXX_FEATURE:1cxx_decltype_auto
    Feature record: CXX_FEATURE:1cxx_decltype_incomplete_return_types
    Feature record: CXX_FEATURE:1cxx_default_function_template_args
    Feature record: CXX_FEATURE:1cxx_defaulted_functions
    Feature record: CXX_FEATURE:1cxx_defaulted_move_initializers
    Feature record: CXX_FEATURE:1cxx_delegating_constructors
    Feature record: CXX_FEATURE:1cxx_deleted_functions
    Feature record: CXX_FEATURE:1cxx_digit_separators
    Feature record: CXX_FEATURE:1cxx_enum_forward_declarations
    Feature record: CXX_FEATURE:1cxx_explicit_conversions
    Feature record: CXX_FEATURE:1cxx_extended_friend_declarations
    Feature record: CXX_FEATURE:1cxx_extern_templates
    Feature record: CXX_FEATURE:1cxx_final
    Feature record: CXX_FEATURE:1cxx_func_identifier
    Feature record: CXX_FEATURE:1cxx_generalized_initializers
    Feature record: CXX_FEATURE:1cxx_generic_lambdas
    Feature record: CXX_FEATURE:1cxx_inheriting_constructors
    Feature record: CXX_FEATURE:1cxx_inline_namespaces
    Feature record: CXX_FEATURE:1cxx_lambdas
    Feature record: CXX_FEATURE:1cxx_lambda_init_captures
    Feature record: CXX_FEATURE:1cxx_local_type_template_args
    Feature record: CXX_FEATURE:1cxx_long_long_type
    Feature record: CXX_FEATURE:1cxx_noexcept
    Feature record: CXX_FEATURE:1cxx_nonstatic_member_init
    Feature record: CXX_FEATURE:1cxx_nullptr
    Feature record: CXX_FEATURE:1cxx_override
    Feature record: CXX_FEATURE:1cxx_range_for
    Feature record: CXX_FEATURE:1cxx_raw_string_literals
    Feature record: CXX_FEATURE:1cxx_reference_qualified_functions
    Feature record: CXX_FEATURE:1cxx_relaxed_constexpr
    Feature record: CXX_FEATURE:1cxx_return_type_deduction
    Feature record: CXX_FEATURE:1cxx_right_angle_brackets
    Feature record: CXX_FEATURE:1cxx_rvalue_references
    Feature record: CXX_FEATURE:1cxx_sizeof_member
    Feature record: CXX_FEATURE:1cxx_static_assert
    Feature record: CXX_FEATURE:1cxx_strong_enums
    Feature record: CXX_FEATURE:1cxx_template_template_parameters
    Feature record: CXX_FEATURE:1cxx_thread_local
    Feature record: CXX_FEATURE:1cxx_trailing_return_types
    Feature record: CXX_FEATURE:1cxx_unicode_literals
    Feature record: CXX_FEATURE:1cxx_uniform_initialization
    Feature record: CXX_FEATURE:1cxx_unrestricted_unions
    Feature record: CXX_FEATURE:1cxx_user_literals
    Feature record: CXX_FEATURE:1cxx_variable_templates
    Feature record: CXX_FEATURE:1cxx_variadic_macros
    Feature record: CXX_FEATURE:1cxx_variadic_templates


Detecting CXX [-std=c++17] compiler features compiled with the following output:
Change Dir: d:/github/girdsandboxes/build/CMakeFiles/CMakeTmp

Run Build Command:"C:/msys64/usr/bin/make.exe" "cmTC_72b34/fast"
/usr/bin/make -f CMakeFiles/cmTC_72b34.dir/build.make CMakeFiles/cmTC_72b34.dir/build
make[1]: Entering directory '/d/github/girdsandboxes/build/CMakeFiles/CMakeTmp'
Building CXX object CMakeFiles/cmTC_72b34.dir/feature_tests.cxx.o
cd D:/github/girdsandboxes/build/CMakeFiles/CMakeTmp && C:/msys64/usr/bin/g++.exe    -std=c++17 -o CMakeFiles/cmTC_72b34.dir/feature_tests.cxx.o -c D:/github/girdsandboxes/build/CMakeFiles/feature_tests.cxx
Linking CXX executable cmTC_72b34.exe
cd D:/github/girdsandboxes/build/CMakeFiles/CMakeTmp && "C:/Program Files/CMake/bin/cmake.exe" -E remove -f CMakeFiles/cmTC_72b34.dir/objects.a
cd D:/github/girdsandboxes/build/CMakeFiles/CMakeTmp && C:/msys64/usr/bin/ar.exe cr CMakeFiles/cmTC_72b34.dir/objects.a @CMakeFiles/cmTC_72b34.dir/objects1.rsp
cd D:/github/girdsandboxes/build/CMakeFiles/CMakeTmp && C:/msys64/usr/bin/g++.exe      -Wl,--whole-archive CMakeFiles/cmTC_72b34.dir/objects.a -Wl,--no-whole-archive  -o cmTC_72b34.exe -Wl,--out-implib,libcmTC_72b34.dll.a -Wl,--major-image-version,0,--minor-image-version,0 
make[1]: Leaving directory '/d/github/girdsandboxes/build/CMakeFiles/CMakeTmp'


    Feature record: CXX_FEATURE:1cxx_aggregate_default_initializers
    Feature record: CXX_FEATURE:1cxx_alias_templates
    Feature record: CXX_FEATURE:1cxx_alignas
    Feature record: CXX_FEATURE:1cxx_alignof
    Feature record: CXX_FEATURE:1cxx_attributes
    Feature record: CXX_FEATURE:1cxx_attribute_deprecated
    Feature record: CXX_FEATURE:1cxx_auto_type
    Feature record: CXX_FEATURE:1cxx_binary_literals
    Feature record: CXX_FEATURE:1cxx_constexpr
    Feature record: CXX_FEATURE:1cxx_contextual_conversions
    Feature record: CXX_FEATURE:1cxx_decltype
    Feature record: CXX_FEATURE:1cxx_decltype_auto
    Feature record: CXX_FEATURE:1cxx_decltype_incomplete_return_types
    Feature record: CXX_FEATURE:1cxx_default_function_template_args
    Feature record: CXX_FEATURE:1cxx_defaulted_functions
    Feature record: CXX_FEATURE:1cxx_defaulted_move_initializers
    Feature record: CXX_FEATURE:1cxx_delegating_constructors
    Feature record: CXX_FEATURE:1cxx_deleted_functions
    Feature record: CXX_FEATURE:1cxx_digit_separators
    Feature record: CXX_FEATURE:1cxx_enum_forward_declarations
    Feature record: CXX_FEATURE:1cxx_explicit_conversions
    Feature record: CXX_FEATURE:1cxx_extended_friend_declarations
    Feature record: CXX_FEATURE:1cxx_extern_templates
    Feature record: CXX_FEATURE:1cxx_final
    Feature record: CXX_FEATURE:1cxx_func_identifier
    Feature record: CXX_FEATURE:1cxx_generalized_initializers
    Feature record: CXX_FEATURE:1cxx_generic_lambdas
    Feature record: CXX_FEATURE:1cxx_inheriting_constructors
    Feature record: CXX_FEATURE:1cxx_inline_namespaces
    Feature record: CXX_FEATURE:1cxx_lambdas
    Feature record: CXX_FEATURE:1cxx_lambda_init_captures
    Feature record: CXX_FEATURE:1cxx_local_type_template_args
    Feature record: CXX_FEATURE:1cxx_long_long_type
    Feature record: CXX_FEATURE:1cxx_noexcept
    Feature record: CXX_FEATURE:1cxx_nonstatic_member_init
    Feature record: CXX_FEATURE:1cxx_nullptr
    Feature record: CXX_FEATURE:1cxx_override
    Feature record: CXX_FEATURE:1cxx_range_for
    Feature record: CXX_FEATURE:1cxx_raw_string_literals
    Feature record: CXX_FEATURE:1cxx_reference_qualified_functions
    Feature record: CXX_FEATURE:1cxx_relaxed_constexpr
    Feature record: CXX_FEATURE:1cxx_return_type_deduction
    Feature record: CXX_FEATURE:1cxx_right_angle_brackets
    Feature record: CXX_FEATURE:1cxx_rvalue_references
    Feature record: CXX_FEATURE:1cxx_sizeof_member
    Feature record: CXX_FEATURE:1cxx_static_assert
    Feature record: CXX_FEATURE:1cxx_strong_enums
    Feature record: CXX_FEATURE:1cxx_template_template_parameters
    Feature record: CXX_FEATURE:1cxx_thread_local
    Feature record: CXX_FEATURE:1cxx_trailing_return_types
    Feature record: CXX_FEATURE:1cxx_unicode_literals
    Feature record: CXX_FEATURE:1cxx_uniform_initialization
    Feature record: CXX_FEATURE:1cxx_unrestricted_unions
    Feature record: CXX_FEATURE:1cxx_user_literals
    Feature record: CXX_FEATURE:1cxx_variable_templates
    Feature record: CXX_FEATURE:1cxx_variadic_macros
    Feature record: CXX_FEATURE:1cxx_variadic_templates


Detecting CXX [-std=c++14] compiler features compiled with the following output:
Change Dir: d:/github/girdsandboxes/build/CMakeFiles/CMakeTmp

Run Build Command:"C:/msys64/usr/bin/make.exe" "cmTC_1ad29/fast"
/usr/bin/make -f CMakeFiles/cmTC_1ad29.dir/build.make CMakeFiles/cmTC_1ad29.dir/build
make[1]: Entering directory '/d/github/girdsandboxes/build/CMakeFiles/CMakeTmp'
Building CXX object CMakeFiles/cmTC_1ad29.dir/feature_tests.cxx.o
cd D:/github/girdsandboxes/build/CMakeFiles/CMakeTmp && C:/msys64/usr/bin/g++.exe    -std=c++14 -o CMakeFiles/cmTC_1ad29.dir/feature_tests.cxx.o -c D:/github/girdsandboxes/build/CMakeFiles/feature_tests.cxx
Linking CXX executable cmTC_1ad29.exe
cd D:/github/girdsandboxes/build/CMakeFiles/CMakeTmp && "C:/Program Files/CMake/bin/cmake.exe" -E remove -f CMakeFiles/cmTC_1ad29.dir/objects.a
cd D:/github/girdsandboxes/build/CMakeFiles/CMakeTmp && C:/msys64/usr/bin/ar.exe cr CMakeFiles/cmTC_1ad29.dir/objects.a @CMakeFiles/cmTC_1ad29.dir/objects1.rsp
cd D:/github/girdsandboxes/build/CMakeFiles/CMakeTmp && C:/msys64/usr/bin/g++.exe      -Wl,--whole-archive CMakeFiles/cmTC_1ad29.dir/objects.a -Wl,--no-whole-archive  -o cmTC_1ad29.exe -Wl,--out-implib,libcmTC_1ad29.dll.a -Wl,--major-image-version,0,--minor-image-version,0 
make[1]: Leaving directory '/d/github/girdsandboxes/build/CMakeFiles/CMakeTmp'


    Feature record: CXX_FEATURE:1cxx_aggregate_default_initializers
    Feature record: CXX_FEATURE:1cxx_alias_templates
    Feature record: CXX_FEATURE:1cxx_alignas
    Feature record: CXX_FEATURE:1cxx_alignof
    Feature record: CXX_FEATURE:1cxx_attributes
    Feature record: CXX_FEATURE:1cxx_attribute_deprecated
    Feature record: CXX_FEATURE:1cxx_auto_type
    Feature record: CXX_FEATURE:1cxx_binary_literals
    Feature record: CXX_FEATURE:1cxx_constexpr
    Feature record: CXX_FEATURE:1cxx_contextual_conversions
    Feature record: CXX_FEATURE:1cxx_decltype
    Feature record: CXX_FEATURE:1cxx_decltype_auto
    Feature record: CXX_FEATURE:1cxx_decltype_incomplete_return_types
    Feature record: CXX_FEATURE:1cxx_default_function_template_args
    Feature record: CXX_FEATURE:1cxx_defaulted_functions
    Feature record: CXX_FEATURE:1cxx_defaulted_move_initializers
    Feature record: CXX_FEATURE:1cxx_delegating_constructors
    Feature record: CXX_FEATURE:1cxx_deleted_functions
    Feature record: CXX_FEATURE:1cxx_digit_separators
    Feature record: CXX_FEATURE:1cxx_enum_forward_declarations
    Feature record: CXX_FEATURE:1cxx_explicit_conversions
    Feature record: CXX_FEATURE:1cxx_extended_friend_declarations
    Feature record: CXX_FEATURE:1cxx_extern_templates
    Feature record: CXX_FEATURE:1cxx_final
    Feature record: CXX_FEATURE:1cxx_func_identifier
    Feature record: CXX_FEATURE:1cxx_generalized_initializers
    Feature record: CXX_FEATURE:1cxx_generic_lambdas
    Feature record: CXX_FEATURE:1cxx_inheriting_constructors
    Feature record: CXX_FEATURE:1cxx_inline_namespaces
    Feature record: CXX_FEATURE:1cxx_lambdas
    Feature record: CXX_FEATURE:1cxx_lambda_init_captures
    Feature record: CXX_FEATURE:1cxx_local_type_template_args
    Feature record: CXX_FEATURE:1cxx_long_long_type
    Feature record: CXX_FEATURE:1cxx_noexcept
    Feature record: CXX_FEATURE:1cxx_nonstatic_member_init
    Feature record: CXX_FEATURE:1cxx_nullptr
    Feature record: CXX_FEATURE:1cxx_override
    Feature record: CXX_FEATURE:1cxx_range_for
    Feature record: CXX_FEATURE:1cxx_raw_string_literals
    Feature record: CXX_FEATURE:1cxx_reference_qualified_functions
    Feature record: CXX_FEATURE:1cxx_relaxed_constexpr
    Feature record: CXX_FEATURE:1cxx_return_type_deduction
    Feature record: CXX_FEATURE:1cxx_right_angle_brackets
    Feature record: CXX_FEATURE:1cxx_rvalue_references
    Feature record: CXX_FEATURE:1cxx_sizeof_member
    Feature record: CXX_FEATURE:1cxx_static_assert
    Feature record: CXX_FEATURE:1cxx_strong_enums
    Feature record: CXX_FEATURE:1cxx_template_template_parameters
    Feature record: CXX_FEATURE:1cxx_thread_local
    Feature record: CXX_FEATURE:1cxx_trailing_return_types
    Feature record: CXX_FEATURE:1cxx_unicode_literals
    Feature record: CXX_FEATURE:1cxx_uniform_initialization
    Feature record: CXX_FEATURE:1cxx_unrestricted_unions
    Feature record: CXX_FEATURE:1cxx_user_literals
    Feature record: CXX_FEATURE:1cxx_variable_templates
    Feature record: CXX_FEATURE:1cxx_variadic_macros
    Feature record: CXX_FEATURE:1cxx_variadic_templates


Detecting CXX [-std=c++11] compiler features compiled with the following output:
Change Dir: d:/github/girdsandboxes/build/CMakeFiles/CMakeTmp

Run Build Command:"C:/msys64/usr/bin/make.exe" "cmTC_f134a/fast"
/usr/bin/make -f CMakeFiles/cmTC_f134a.dir/build.make CMakeFiles/cmTC_f134a.dir/build
make[1]: Entering directory '/d/github/girdsandboxes/build/CMakeFiles/CMakeTmp'
Building CXX object CMakeFiles/cmTC_f134a.dir/feature_tests.cxx.o
cd D:/github/girdsandboxes/build/CMakeFiles/CMakeTmp && C:/msys64/usr/bin/g++.exe    -std=c++11 -o CMakeFiles/cmTC_f134a.dir/feature_tests.cxx.o -c D:/github/girdsandboxes/build/CMakeFiles/feature_tests.cxx
Linking CXX executable cmTC_f134a.exe
cd D:/github/girdsandboxes/build/CMakeFiles/CMakeTmp && "C:/Program Files/CMake/bin/cmake.exe" -E remove -f CMakeFiles/cmTC_f134a.dir/objects.a
cd D:/github/girdsandboxes/build/CMakeFiles/CMakeTmp && C:/msys64/usr/bin/ar.exe cr CMakeFiles/cmTC_f134a.dir/objects.a @CMakeFiles/cmTC_f134a.dir/objects1.rsp
cd D:/github/girdsandboxes/build/CMakeFiles/CMakeTmp && C:/msys64/usr/bin/g++.exe      -Wl,--whole-archive CMakeFiles/cmTC_f134a.dir/objects.a -Wl,--no-whole-archive  -o cmTC_f134a.exe -Wl,--out-implib,libcmTC_f134a.dll.a -Wl,--major-image-version,0,--minor-image-version,0 
make[1]: Leaving directory '/d/github/girdsandboxes/build/CMakeFiles/CMakeTmp'


    Feature record: CXX_FEATURE:0cxx_aggregate_default_initializers
    Feature record: CXX_FEATURE:1cxx_alias_templates
    Feature record: CXX_FEATURE:1cxx_alignas
    Feature record: CXX_FEATURE:1cxx_alignof
    Feature record: CXX_FEATURE:1cxx_attributes
    Feature record: CXX_FEATURE:0cxx_attribute_deprecated
    Feature record: CXX_FEATURE:1cxx_auto_type
    Feature record: CXX_FEATURE:0cxx_binary_literals
    Feature record: CXX_FEATURE:1cxx_constexpr
    Feature record: CXX_FEATURE:0cxx_contextual_conversions
    Feature record: CXX_FEATURE:1cxx_decltype
    Feature record: CXX_FEATURE:0cxx_decltype_auto
    Feature record: CXX_FEATURE:1cxx_decltype_incomplete_return_types
    Feature record: CXX_FEATURE:1cxx_default_function_template_args
    Feature record: CXX_FEATURE:1cxx_defaulted_functions
    Feature record: CXX_FEATURE:1cxx_defaulted_move_initializers
    Feature record: CXX_FEATURE:1cxx_delegating_constructors
    Feature record: CXX_FEATURE:1cxx_deleted_functions
    Feature record: CXX_FEATURE:0cxx_digit_separators
    Feature record: CXX_FEATURE:1cxx_enum_forward_declarations
    Feature record: CXX_FEATURE:1cxx_explicit_conversions
    Feature record: CXX_FEATURE:1cxx_extended_friend_declarations
    Feature record: CXX_FEATURE:1cxx_extern_templates
    Feature record: CXX_FEATURE:1cxx_final
    Feature record: CXX_FEATURE:1cxx_func_identifier
    Feature record: CXX_FEATURE:1cxx_generalized_initializers
    Feature record: CXX_FEATURE:0cxx_generic_lambdas
    Feature record: CXX_FEATURE:1cxx_inheriting_constructors
    Feature record: CXX_FEATURE:1cxx_inline_namespaces
    Feature record: CXX_FEATURE:1cxx_lambdas
    Feature record: CXX_FEATURE:0cxx_lambda_init_captures
    Feature record: CXX_FEATURE:1cxx_local_type_template_args
    Feature record: CXX_FEATURE:1cxx_long_long_type
    Feature record: CXX_FEATURE:1cxx_noexcept
    Feature record: CXX_FEATURE:1cxx_nonstatic_member_init
    Feature record: CXX_FEATURE:1cxx_nullptr
    Feature record: CXX_FEATURE:1cxx_override
    Feature record: CXX_FEATURE:1cxx_range_for
    Feature record: CXX_FEATURE:1cxx_raw_string_literals
    Feature record: CXX_FEATURE:1cxx_reference_qualified_functions
    Feature record: CXX_FEATURE:0cxx_relaxed_constexpr
    Feature record: CXX_FEATURE:0cxx_return_type_deduction
    Feature record: CXX_FEATURE:1cxx_right_angle_brackets
    Feature record: CXX_FEATURE:1cxx_rvalue_references
    Feature record: CXX_FEATURE:1cxx_sizeof_member
    Feature record: CXX_FEATURE:1cxx_static_assert
    Feature record: CXX_FEATURE:1cxx_strong_enums
    Feature record: CXX_FEATURE:1cxx_template_template_parameters
    Feature record: CXX_FEATURE:1cxx_thread_local
    Feature record: CXX_FEATURE:1cxx_trailing_return_types
    Feature record: CXX_FEATURE:1cxx_unicode_literals
    Feature record: CXX_FEATURE:1cxx_uniform_initialization
    Feature record: CXX_FEATURE:1cxx_unrestricted_unions
    Feature record: CXX_FEATURE:1cxx_user_literals
    Feature record: CXX_FEATURE:0cxx_variable_templates
    Feature record: CXX_FEATURE:1cxx_variadic_macros
    Feature record: CXX_FEATURE:1cxx_variadic_templates


Detecting CXX [-std=c++98] compiler features compiled with the following output:
Change Dir: d:/github/girdsandboxes/build/CMakeFiles/CMakeTmp

Run Build Command:"C:/msys64/usr/bin/make.exe" "cmTC_22bde/fast"
/usr/bin/make -f CMakeFiles/cmTC_22bde.dir/build.make CMakeFiles/cmTC_22bde.dir/build
make[1]: Entering directory '/d/github/girdsandboxes/build/CMakeFiles/CMakeTmp'
Building CXX object CMakeFiles/cmTC_22bde.dir/feature_tests.cxx.o
cd D:/github/girdsandboxes/build/CMakeFiles/CMakeTmp && C:/msys64/usr/bin/g++.exe    -std=c++98 -o CMakeFiles/cmTC_22bde.dir/feature_tests.cxx.o -c D:/github/girdsandboxes/build/CMakeFiles/feature_tests.cxx
Linking CXX executable cmTC_22bde.exe
cd D:/github/girdsandboxes/build/CMakeFiles/CMakeTmp && "C:/Program Files/CMake/bin/cmake.exe" -E remove -f CMakeFiles/cmTC_22bde.dir/objects.a
cd D:/github/girdsandboxes/build/CMakeFiles/CMakeTmp && C:/msys64/usr/bin/ar.exe cr CMakeFiles/cmTC_22bde.dir/objects.a @CMakeFiles/cmTC_22bde.dir/objects1.rsp
cd D:/github/girdsandboxes/build/CMakeFiles/CMakeTmp && C:/msys64/usr/bin/g++.exe      -Wl,--whole-archive CMakeFiles/cmTC_22bde.dir/objects.a -Wl,--no-whole-archive  -o cmTC_22bde.exe -Wl,--out-implib,libcmTC_22bde.dll.a -Wl,--major-image-version,0,--minor-image-version,0 
make[1]: Leaving directory '/d/github/girdsandboxes/build/CMakeFiles/CMakeTmp'


    Feature record: CXX_FEATURE:0cxx_aggregate_default_initializers
    Feature record: CXX_FEATURE:0cxx_alias_templates
    Feature record: CXX_FEATURE:0cxx_alignas
    Feature record: CXX_FEATURE:0cxx_alignof
    Feature record: CXX_FEATURE:0cxx_attributes
    Feature record: CXX_FEATURE:0cxx_attribute_deprecated
    Feature record: CXX_FEATURE:0cxx_auto_type
    Feature record: CXX_FEATURE:0cxx_binary_literals
    Feature record: CXX_FEATURE:0cxx_constexpr
    Feature record: CXX_FEATURE:0cxx_contextual_conversions
    Feature record: CXX_FEATURE:0cxx_decltype
    Feature record: CXX_FEATURE:0cxx_decltype_auto
    Feature record: CXX_FEATURE:0cxx_decltype_incomplete_return_types
    Feature record: CXX_FEATURE:0cxx_default_function_template_args
    Feature record: CXX_FEATURE:0cxx_defaulted_functions
    Feature record: CXX_FEATURE:0cxx_defaulted_move_initializers
    Feature record: CXX_FEATURE:0cxx_delegating_constructors
    Feature record: CXX_FEATURE:0cxx_deleted_functions
    Feature record: CXX_FEATURE:0cxx_digit_separators
    Feature record: CXX_FEATURE:0cxx_enum_forward_declarations
    Feature record: CXX_FEATURE:0cxx_explicit_conversions
    Feature record: CXX_FEATURE:0cxx_extended_friend_declarations
    Feature record: CXX_FEATURE:0cxx_extern_templates
    Feature record: CXX_FEATURE:0cxx_final
    Feature record: CXX_FEATURE:0cxx_func_identifier
    Feature record: CXX_FEATURE:0cxx_generalized_initializers
    Feature record: CXX_FEATURE:0cxx_generic_lambdas
    Feature record: CXX_FEATURE:0cxx_inheriting_constructors
    Feature record: CXX_FEATURE:0cxx_inline_namespaces
    Feature record: CXX_FEATURE:0cxx_lambdas
    Feature record: CXX_FEATURE:0cxx_lambda_init_captures
    Feature record: CXX_FEATURE:0cxx_local_type_template_args
    Feature record: CXX_FEATURE:0cxx_long_long_type
    Feature record: CXX_FEATURE:0cxx_noexcept
    Feature record: CXX_FEATURE:0cxx_nonstatic_member_init
    Feature record: CXX_FEATURE:0cxx_nullptr
    Feature record: CXX_FEATURE:0cxx_override
    Feature record: CXX_FEATURE:0cxx_range_for
    Feature record: CXX_FEATURE:0cxx_raw_string_literals
    Feature record: CXX_FEATURE:0cxx_reference_qualified_functions
    Feature record: CXX_FEATURE:0cxx_relaxed_constexpr
    Feature record: CXX_FEATURE:0cxx_return_type_deduction
    Feature record: CXX_FEATURE:0cxx_right_angle_brackets
    Feature record: CXX_FEATURE:0cxx_rvalue_references
    Feature record: CXX_FEATURE:0cxx_sizeof_member
    Feature record: CXX_FEATURE:0cxx_static_assert
    Feature record: CXX_FEATURE:0cxx_strong_enums
    Feature record: CXX_FEATURE:1cxx_template_template_parameters
    Feature record: CXX_FEATURE:0cxx_thread_local
    Feature record: CXX_FEATURE:0cxx_trailing_return_types
    Feature record: CXX_FEATURE:0cxx_unicode_literals
    Feature record: CXX_FEATURE:0cxx_uniform_initialization
    Feature record: CXX_FEATURE:0cxx_unrestricted_unions
    Feature record: CXX_FEATURE:0cxx_user_literals
    Feature record: CXX_FEATURE:0cxx_variable_templates
    Feature record: CXX_FEATURE:0cxx_variadic_macros
    Feature record: CXX_FEATURE:0cxx_variadic_templates
Determining if the include file pthread.h exists passed with the following output:
Change Dir: d:/github/girdsandboxes/build/CMakeFiles/CMakeTmp

Run Build Command:"C:/msys64/usr/bin/make.exe" "cmTC_3ae6a/fast"
/usr/bin/make -f CMakeFiles/cmTC_3ae6a.dir/build.make CMakeFiles/cmTC_3ae6a.dir/build
make[1]: Entering directory '/d/github/girdsandboxes/build/CMakeFiles/CMakeTmp'
Building C object CMakeFiles/cmTC_3ae6a.dir/CheckIncludeFile.c.obj
cd D:/github/girdsandboxes/build/CMakeFiles/CMakeTmp && C:/msys64/usr/bin/gcc.exe    -o CMakeFiles/cmTC_3ae6a.dir/CheckIncludeFile.c.obj   -c D:/github/girdsandboxes/build/CMakeFiles/CMakeTmp/CheckIncludeFile.c
Linking C executable cmTC_3ae6a.exe
cd D:/github/girdsandboxes/build/CMakeFiles/CMakeTmp && "C:/Program Files/CMake/bin/cmake.exe" -E remove -f CMakeFiles/cmTC_3ae6a.dir/objects.a
cd D:/github/girdsandboxes/build/CMakeFiles/CMakeTmp && C:/msys64/usr/bin/ar.exe cr CMakeFiles/cmTC_3ae6a.dir/objects.a @CMakeFiles/cmTC_3ae6a.dir/objects1.rsp
cd D:/github/girdsandboxes/build/CMakeFiles/CMakeTmp && C:/msys64/usr/bin/gcc.exe      -Wl,--whole-archive CMakeFiles/cmTC_3ae6a.dir/objects.a -Wl,--no-whole-archive  -o cmTC_3ae6a.exe -Wl,--out-implib,libcmTC_3ae6a.dll.a -Wl,--major-image-version,0,--minor-image-version,0 
make[1]: Leaving directory '/d/github/girdsandboxes/build/CMakeFiles/CMakeTmp'


Determining if the pthread_create exist passed with the following output:
Change Dir: d:/github/girdsandboxes/build/CMakeFiles/CMakeTmp

Run Build Command:"C:/msys64/usr/bin/make.exe" "cmTC_6cff3/fast"
/usr/bin/make -f CMakeFiles/cmTC_6cff3.dir/build.make CMakeFiles/cmTC_6cff3.dir/build
make[1]: Entering directory '/d/github/girdsandboxes/build/CMakeFiles/CMakeTmp'
Building C object CMakeFiles/cmTC_6cff3.dir/CheckSymbolExists.c.obj
cd D:/github/girdsandboxes/build/CMakeFiles/CMakeTmp && C:/msys64/usr/bin/gcc.exe    -o CMakeFiles/cmTC_6cff3.dir/CheckSymbolExists.c.obj   -c D:/github/girdsandboxes/build/CMakeFiles/CMakeTmp/CheckSymbolExists.c
Linking C executable cmTC_6cff3.exe
cd D:/github/girdsandboxes/build/CMakeFiles/CMakeTmp && "C:/Program Files/CMake/bin/cmake.exe" -E remove -f CMakeFiles/cmTC_6cff3.dir/objects.a
cd D:/github/girdsandboxes/build/CMakeFiles/CMakeTmp && C:/msys64/usr/bin/ar.exe cr CMakeFiles/cmTC_6cff3.dir/objects.a @CMakeFiles/cmTC_6cff3.dir/objects1.rsp
cd D:/github/girdsandboxes/build/CMakeFiles/CMakeTmp && C:/msys64/usr/bin/gcc.exe      -Wl,--whole-archive CMakeFiles/cmTC_6cff3.dir/objects.a -Wl,--no-whole-archive  -o cmTC_6cff3.exe -Wl,--out-implib,libcmTC_6cff3.dll.a -Wl,--major-image-version,0,--minor-image-version,0 
make[1]: Leaving directory '/d/github/girdsandboxes/build/CMakeFiles/CMakeTmp'

File d:/github/girdsandboxes/build/CMakeFiles/CMakeTmp/CheckSymbolExists.c:
/* */
#include <pthread.h>

int main(int argc, char** argv)
{
  (void)argv;
#ifndef pthread_create
  return ((int*)(&pthread_create))[argc];
#else
  (void)argc;
  return 0;
#endif
}

